[14:42:11] [main/INFO]: Setting user: Player987
[14:42:12] [Client thread/INFO]: LWJGL Version: 2.9.1
[14:42:18] [Client thread/INFO]: Reloading ResourceManager: Default, FMLFileResourcePack:Forge Mod Loader, FMLFileResourcePack:Minecraft Forge, FMLFileResourcePack:Extra-Generators
[14:42:19] [Sound Library Loader/INFO]: Sound engine started
[14:42:20] [Client thread/INFO]: Created: 512x256 textures/blocks-atlas
[14:42:21] [Client thread/ERROR]: Using missing texture, unable to load minecraft:textures/items/MISSING_ICON_ITEM_4096_Wind Turbine Blade.png
java.io.FileNotFoundException: minecraft:textures/items/MISSING_ICON_ITEM_4096_Wind Turbine Blade.png
	at net.minecraft.client.resources.FallbackResourceManager.getResource(FallbackResourceManager.java:65) ~[FallbackResourceManager.class:?]
	at net.minecraft.client.resources.SimpleReloadableResourceManager.getResource(SimpleReloadableResourceManager.java:67) ~[SimpleReloadableResourceManager.class:?]
	at net.minecraft.client.renderer.texture.TextureMap.loadTextureAtlas(TextureMap.java:126) [TextureMap.class:?]
	at net.minecraft.client.renderer.texture.TextureMap.loadTexture(TextureMap.java:91) [TextureMap.class:?]
	at net.minecraft.client.renderer.texture.TextureManager.loadTexture(TextureManager.java:89) [TextureManager.class:?]
	at net.minecraft.client.renderer.texture.TextureManager.loadTickableTexture(TextureManager.java:71) [TextureManager.class:?]
	at net.minecraft.client.renderer.texture.TextureManager.loadTextureMap(TextureManager.java:58) [TextureManager.class:?]
	at net.minecraft.client.Minecraft.startGame(Minecraft.java:583) [Minecraft.class:?]
	at net.minecraft.client.Minecraft.run(Minecraft.java:931) [Minecraft.class:?]
	at net.minecraft.client.main.Main.main(Main.java:164) [Main.class:?]
	at sun.reflect.NativeMethodAccessorImpl.invoke0(Native Method) ~[?:1.8.0_45]
	at sun.reflect.NativeMethodAccessorImpl.invoke(NativeMethodAccessorImpl.java:62) ~[?:1.8.0_45]
	at sun.reflect.DelegatingMethodAccessorImpl.invoke(DelegatingMethodAccessorImpl.java:43) ~[?:1.8.0_45]
	at java.lang.reflect.Method.invoke(Method.java:497) ~[?:1.8.0_45]
	at net.minecraft.launchwrapper.Launch.launch(Launch.java:135) [launchwrapper-1.11.jar:?]
	at net.minecraft.launchwrapper.Launch.main(Launch.java:28) [launchwrapper-1.11.jar:?]
	at net.minecraftforge.gradle.GradleStartCommon.launch(Unknown Source) [start/:?]
	at GradleStart.main(Unknown Source) [start/:?]
	at sun.reflect.NativeMethodAccessorImpl.invoke0(Native Method) ~[?:1.8.0_45]
	at sun.reflect.NativeMethodAccessorImpl.invoke(NativeMethodAccessorImpl.java:62) ~[?:1.8.0_45]
	at sun.reflect.DelegatingMethodAccessorImpl.invoke(DelegatingMethodAccessorImpl.java:43) ~[?:1.8.0_45]
	at java.lang.reflect.Method.invoke(Method.java:497) ~[?:1.8.0_45]
	at com.intellij.rt.execution.application.AppMain.main(AppMain.java:140) [idea_rt.jar:?]
[14:42:21] [Client thread/INFO]: Created: 256x256 textures/items-atlas
[14:42:21] [Client thread/INFO]: Reloading ResourceManager: Default, FMLFileResourcePack:Forge Mod Loader, FMLFileResourcePack:Minecraft Forge, FMLFileResourcePack:Extra-Generators
[14:42:21] [Client thread/INFO]: Created: 512x256 textures/blocks-atlas
[14:42:21] [Client thread/ERROR]: Using missing texture, unable to load minecraft:textures/items/MISSING_ICON_ITEM_4096_Wind Turbine Blade.png
java.io.FileNotFoundException: minecraft:textures/items/MISSING_ICON_ITEM_4096_Wind Turbine Blade.png
	at net.minecraft.client.resources.FallbackResourceManager.getResource(FallbackResourceManager.java:65) ~[FallbackResourceManager.class:?]
	at net.minecraft.client.resources.SimpleReloadableResourceManager.getResource(SimpleReloadableResourceManager.java:67) ~[SimpleReloadableResourceManager.class:?]
	at net.minecraft.client.renderer.texture.TextureMap.loadTextureAtlas(TextureMap.java:126) [TextureMap.class:?]
	at net.minecraft.client.renderer.texture.TextureMap.loadTexture(TextureMap.java:91) [TextureMap.class:?]
	at net.minecraft.client.renderer.texture.TextureManager.loadTexture(TextureManager.java:89) [TextureManager.class:?]
	at net.minecraft.client.renderer.texture.TextureManager.onResourceManagerReload(TextureManager.java:170) [TextureManager.class:?]
	at net.minecraft.client.resources.SimpleReloadableResourceManager.notifyReloadListeners(SimpleReloadableResourceManager.java:134) [SimpleReloadableResourceManager.class:?]
	at net.minecraft.client.resources.SimpleReloadableResourceManager.reloadResources(SimpleReloadableResourceManager.java:118) [SimpleReloadableResourceManager.class:?]
	at net.minecraft.client.Minecraft.refreshResources(Minecraft.java:643) [Minecraft.class:?]
	at cpw.mods.fml.client.FMLClientHandler.finishMinecraftLoading(FMLClientHandler.java:303) [FMLClientHandler.class:?]
	at net.minecraft.client.Minecraft.startGame(Minecraft.java:586) [Minecraft.class:?]
	at net.minecraft.client.Minecraft.run(Minecraft.java:931) [Minecraft.class:?]
	at net.minecraft.client.main.Main.main(Main.java:164) [Main.class:?]
	at sun.reflect.NativeMethodAccessorImpl.invoke0(Native Method) ~[?:1.8.0_45]
	at sun.reflect.NativeMethodAccessorImpl.invoke(NativeMethodAccessorImpl.java:62) ~[?:1.8.0_45]
	at sun.reflect.DelegatingMethodAccessorImpl.invoke(DelegatingMethodAccessorImpl.java:43) ~[?:1.8.0_45]
	at java.lang.reflect.Method.invoke(Method.java:497) ~[?:1.8.0_45]
	at net.minecraft.launchwrapper.Launch.launch(Launch.java:135) [launchwrapper-1.11.jar:?]
	at net.minecraft.launchwrapper.Launch.main(Launch.java:28) [launchwrapper-1.11.jar:?]
	at net.minecraftforge.gradle.GradleStartCommon.launch(Unknown Source) [start/:?]
	at GradleStart.main(Unknown Source) [start/:?]
	at sun.reflect.NativeMethodAccessorImpl.invoke0(Native Method) ~[?:1.8.0_45]
	at sun.reflect.NativeMethodAccessorImpl.invoke(NativeMethodAccessorImpl.java:62) ~[?:1.8.0_45]
	at sun.reflect.DelegatingMethodAccessorImpl.invoke(DelegatingMethodAccessorImpl.java:43) ~[?:1.8.0_45]
	at java.lang.reflect.Method.invoke(Method.java:497) ~[?:1.8.0_45]
	at com.intellij.rt.execution.application.AppMain.main(AppMain.java:140) [idea_rt.jar:?]
[14:42:21] [Client thread/INFO]: Created: 256x256 textures/items-atlas
[14:42:22] [Sound Library Loader/INFO]: Sound engine started
[14:42:28] [Server thread/INFO]: Starting integrated minecraft server version 1.7.10
[14:42:28] [Server thread/INFO]: Generating keypair
[14:42:28] [Server thread/INFO]: Preparing start region for level 0
[14:42:29] [Server thread/INFO]: Changing view distance to 12, from 10
[14:42:29] [Server thread/INFO]: Player987[local:E:c7308b0b] logged in with entity id 305 at (-616.5, 4.0, 391.5)
[14:42:30] [Server thread/INFO]: Player987 joined the game
[14:42:33] [Server thread/INFO]: Player987 has just earned the achievement [Taking Inventory]
[14:42:33] [Client thread/INFO]: [CHAT] Player987 has just earned the achievement [Taking Inventory]
[14:42:57] [Server thread/INFO]: Saving and pausing game...
[14:42:57] [Server thread/INFO]: Saving chunks for level 'New World'/Overworld
[14:42:57] [Server thread/INFO]: Saving chunks for level 'New World'/Nether
[14:42:57] [Server thread/INFO]: Saving chunks for level 'New World'/The End
[14:45:05] [Client thread/INFO]: Stopping!
[14:45:05] [Server thread/INFO]: Stopping server
[14:45:05] [Server thread/INFO]: Saving players
[14:45:05] [Server thread/INFO]: Saving worlds
[14:45:05] [Server thread/INFO]: Saving chunks for level 'New World'/Overworld
[14:45:05] [Server thread/INFO]: Saving chunks for level 'New World'/Nether
[14:45:05] [Server thread/INFO]: Saving chunks for level 'New World'/The End
